<?xml version="1.0" encoding="UTF-8"?>
<!-- Generated by org.testng.reporters.JUnitReportReporter -->
<testsuite hostname="Workstation" failures="0" tests="1" name="test.NewTest" time="0.005" errors="0" timestamp="2020-01-18T08:14:48 IST" skipped="0">
  <testcase classname="test.NewTest" name="f" time="0.005"/>
  <system-out/>
</testsuite> <!-- test.NewTest -->
